mlwb/application.py:2:80: E501 line too long (86 > 79 characters) [pycodestyle]
mlwb/application.py:2:80: E262 inline comment should start with '# ' [pycodestyle]
mlwb/application.py:9:1: E265 block comment should start with '# ' [pycodestyle]
mlwb/application.py:16:1: W293 blank line contains whitespace [pycodestyle]
mlwb/application.py:18:1: E0602 undefined name 'app' [pyflakes]
mlwb/application.py:23:1: E0602 undefined name 'app' [pyflakes]
mlwb/application.py:30:1: E0602 undefined name 'app' [pyflakes]
mlwb/application.py:34:41: W291 trailing whitespace [pycodestyle]
mlwb/application.py:37:1: E0602 undefined name 'app' [pyflakes]
mlwb/application.py:47:80: E501 line too long (95 > 79 characters) [pycodestyle]
mlwb/application.py:47:80: E231 missing whitespace after ',' [pycodestyle]
mlwb/application.py:47:21: E225 missing whitespace around operator [pycodestyle]
mlwb/application.py:48:80: E501 line too long (84 > 79 characters) [pycodestyle]
mlwb/application.py:48:45: E231 missing whitespace after ',' [pycodestyle]
mlwb/application.py:48:71: E231 missing whitespace after ',' [pycodestyle]
mlwb/application.py:51:1: E0602 undefined name 'app' [pyflakes]
mlwb/application.py:58:80: E501 line too long (95 > 79 characters) [pycodestyle]
mlwb/application.py:58:80: E231 missing whitespace after ',' [pycodestyle]
mlwb/application.py:58:21: E225 missing whitespace around operator [pycodestyle]
mlwb/application.py:59:45: E231 missing whitespace after ',' [pycodestyle]
mlwb/application.py:62:1: E0602 undefined name 'app' [pyflakes]
mlwb/application.py:72:80: E501 line too long (95 > 79 characters) [pycodestyle]
mlwb/application.py:72:80: E231 missing whitespace after ',' [pycodestyle]
mlwb/application.py:72:21: E225 missing whitespace around operator [pycodestyle]
mlwb/application.py:73:80: E501 line too long (84 > 79 characters) [pycodestyle]
mlwb/application.py:73:45: E231 missing whitespace after ',' [pycodestyle]
mlwb/application.py:73:71: E231 missing whitespace after ',' [pycodestyle]
mlwb/application.py:75:1: E302 expected 2 blank lines, found 1 [pycodestyle]
mlwb/application.py:75:1: E0602 undefined name 'app' [pyflakes]
mlwb/application.py:82:80: E501 line too long (108 > 79 characters) [pycodestyle]
mlwb/application.py:86:1: E0602 undefined name 'app' [pyflakes]
mlwb/application.py:89:5: E265 block comment should start with '# ' [pycodestyle]
mlwb/application.py:107:18: E251 unexpected spaces around keyword / parameter equals [pycodestyle]
